2020-11-02 15:19:11.489 +01:00 [INF] Request GET /index.html => 200
2020-11-02 15:19:11.748 +01:00 [INF] Request GET /swagger/v1/swagger.json => 200
2020-11-02 15:19:23.322 +01:00 [INF] Request GET /api/Product => 200
2020-11-02 16:37:27.306 +01:00 [INF] Request GET /index.html => 404
2020-11-02 18:00:24.176 +01:00 [INF] Request GET /index.html => 200
2020-11-02 18:00:24.517 +01:00 [INF] Request GET /swagger/v1/swagger.json => 200
2020-11-02 18:01:21.992 +01:00 [INF] Request GET /api/Product => 200
2020-11-02 18:01:40.665 +01:00 [INF] Request POST /api/Product => 401
2020-11-02 18:03:42.776 +01:00 [INF] Request POST /api/Product => 400
2020-11-02 18:04:11.538 +01:00 [INF] Request POST /api/Product => 200
2020-11-02 18:05:37.246 +01:00 [INF] Request POST /api/Product => 200
2020-11-02 18:05:48.424 +01:00 [INF] Request POST /api/Product => 200
2020-11-02 18:05:57.242 +01:00 [INF] Request GET /api/Product => 200
2020-11-02 18:06:05.193 +01:00 [INF] Request GET /api/Product => 200
2020-11-02 18:06:21.654 +01:00 [INF] Request GET /api/Product => 200
2020-11-02 18:07:13.664 +01:00 [INF] Request GET /api/Product/2 => 200
2020-11-02 18:08:29.323 +01:00 [INF] Request PUT /api/Product/2 => 400
2020-11-02 18:08:55.325 +01:00 [INF] Request PUT /api/Product/2 => 200
2020-11-02 18:09:11.250 +01:00 [INF] Request GET /api/Product/2 => 200
2020-11-02 18:09:22.358 +01:00 [INF] Request DELETE /api/Product/3 => 200
2020-11-02 18:09:30.715 +01:00 [INF] Request GET /api/Product/2 => 200
2020-11-02 18:09:41.593 +01:00 [INF] Request GET /api/Product/3 => 404
2020-11-02 18:10:35.152 +01:00 [INF] Request POST /api/Product => 200
2020-11-02 18:10:55.886 +01:00 [INF] Request GET /api/Order => 200
2020-11-02 18:12:45.118 +01:00 [INF] Request POST /api/Order => 400
2020-11-02 18:12:59.927 +01:00 [INF] Request POST /api/Order => 200
2020-11-02 18:13:07.523 +01:00 [INF] Request GET /api/Order => 200
2020-11-02 18:13:22.001 +01:00 [INF] Request GET /api/Order/1 => 200
2020-11-02 18:18:31.904 +01:00 [INF] Request GET /index.html => 200
2020-11-02 18:18:32.169 +01:00 [INF] Request GET /swagger/v1/swagger.json => 200
2020-11-02 18:19:08.137 +01:00 [INF] Request GET /api/Order => 200
2020-11-02 18:19:20.580 +01:00 [INF] Request GET /api/Order/1 => 200
2020-11-02 18:21:59.672 +01:00 [INF] Request GET /index.html => 200
2020-11-02 18:21:59.908 +01:00 [INF] Request GET /swagger/v1/swagger.json => 200
2020-11-02 18:22:09.733 +01:00 [INF] Request GET /api/Product => 200
